
> studyhub-grade8@1.1.0 start
> react-scripts start

(node:13052) [DEP_WEBPACK_DEV_SERVER_ON_AFTER_SETUP_MIDDLEWARE] DeprecationWarning: 'onAfterSetupMiddleware' option is deprecated. Please use the 'setupMiddlewares' option.
(Use `node --trace-deprecation ...` to show where the warning was created)
(node:13052) [DEP_WEBPACK_DEV_SERVER_ON_BEFORE_SETUP_MIDDLEWARE] DeprecationWarning: 'onBeforeSetupMiddleware' option is deprecated. Please use the 'setupMiddlewares' option.
Starting the development server...

Compiled with warnings.

[eslint]
src/Grade8_StudyHub_Complete.jsx
  Line 2:10:   'Loader2' is defined but never used             no-unused-vars
  Line 12:11:  'isLoading' is assigned a value but never used  no-unused-vars

src/components/DailyChallenge/index.jsx
  Line 2:86:  'Zap' is defined but never used  no-unused-vars

src/components/HandoutInline.jsx
  Line 2:29:  'Target' is defined but never used      no-unused-vars
  Line 2:91:  'HelpCircle' is defined but never used  no-unused-vars

src/components/QuizSection/index.jsx
  Line 3:129:  'ImageIcon' is defined but never used                                                                           no-unused-vars
  Line 252:9:  Duplicate key 'hintsUsed'                                                                                       no-dupe-keys
  Line 253:9:  Duplicate key 'difficulty'                                                                                      no-dupe-keys
  Line 295:6:  React Hook useCallback has a missing dependency: 'durations'. Either include it or remove the dependency array  react-hooks/exhaustive-deps

src/components/SettingsPanel.jsx
  Line 2:23:   'Moon' is defined but never used                     no-unused-vars
  Line 2:109:  'Bot' is defined but never used                      no-unused-vars
  Line 2:141:  'ExternalLink' is defined but never used             no-unused-vars
  Line 11:39:  'toggleDarkMode' is assigned a value but never used  no-unused-vars
  Line 19:9:   'syncStatus' is assigned a value but never used      no-unused-vars

src/components/modals/QAStatsModal.jsx
  Line 49:11:  The 'dailyStats' logical expression could make the dependencies of useMemo Hook (at line 74) change on every render. Move it inside the useMemo callback. Alternatively, wrap the initialization of 'dailyStats' in its own useMemo() Hook  react-hooks/exhaustive-deps

src/constants.js
  Line 7:94:  Duplicate key 'Zap'  no-dupe-keys

src/contexts/StudyContext.jsx
  Line 219:8:  React Hook useEffect has missing dependencies: 'progress.achievements', 'progress.lastStudyDate', 'progress.streak', and 'updateProgress'. Either include them or remove the dependency array  react-hooks/exhaustive-deps
  Line 232:9:  Duplicate key 'achievements'                                                                                                                                                                   no-dupe-keys

Search for the keywords to learn more about each warning.
To ignore, add // eslint-disable-next-line to the line before.

WARNING in [eslint]
src/Grade8_StudyHub_Complete.jsx
  Line 2:10:   'Loader2' is defined but never used             no-unused-vars
  Line 12:11:  'isLoading' is assigned a value but never used  no-unused-vars

src/components/DailyChallenge/index.jsx
  Line 2:86:  'Zap' is defined but never used  no-unused-vars

src/components/HandoutInline.jsx
  Line 2:29:  'Target' is defined but never used      no-unused-vars
  Line 2:91:  'HelpCircle' is defined but never used  no-unused-vars

src/components/QuizSection/index.jsx
  Line 3:129:  'ImageIcon' is defined but never used                                                                           no-unused-vars
  Line 252:9:  Duplicate key 'hintsUsed'                                                                                       no-dupe-keys
  Line 253:9:  Duplicate key 'difficulty'                                                                                      no-dupe-keys
  Line 295:6:  React Hook useCallback has a missing dependency: 'durations'. Either include it or remove the dependency array  react-hooks/exhaustive-deps

src/components/SettingsPanel.jsx
  Line 2:23:   'Moon' is defined but never used                     no-unused-vars
  Line 2:109:  'Bot' is defined but never used                      no-unused-vars
  Line 2:141:  'ExternalLink' is defined but never used             no-unused-vars
  Line 11:39:  'toggleDarkMode' is assigned a value but never used  no-unused-vars
  Line 19:9:   'syncStatus' is assigned a value but never used      no-unused-vars

src/components/modals/QAStatsModal.jsx
  Line 49:11:  The 'dailyStats' logical expression could make the dependencies of useMemo Hook (at line 74) change on every render. Move it inside the useMemo callback. Alternatively, wrap the initialization of 'dailyStats' in its own useMemo() Hook  react-hooks/exhaustive-deps

src/constants.js
  Line 7:94:  Duplicate key 'Zap'  no-dupe-keys

src/contexts/StudyContext.jsx
  Line 219:8:  React Hook useEffect has missing dependencies: 'progress.achievements', 'progress.lastStudyDate', 'progress.streak', and 'updateProgress'. Either include them or remove the dependency array  react-hooks/exhaustive-deps
  Line 232:9:  Duplicate key 'achievements'                                                                                                                                                                   no-dupe-keys

webpack compiled with 1 warning
Compiling...
Compiled with warnings.

[eslint]
src/components/DailyChallenge/index.jsx
  Line 2:86:  'Zap' is defined but never used  no-unused-vars

src/components/HandoutInline.jsx
  Line 2:29:  'Target' is defined but never used      no-unused-vars
  Line 2:91:  'HelpCircle' is defined but never used  no-unused-vars

src/components/QuizSection/index.jsx
  Line 3:129:  'ImageIcon' is defined but never used                                                                           no-unused-vars
  Line 252:9:  Duplicate key 'hintsUsed'                                                                                       no-dupe-keys
  Line 253:9:  Duplicate key 'difficulty'                                                                                      no-dupe-keys
  Line 295:6:  React Hook useCallback has a missing dependency: 'durations'. Either include it or remove the dependency array  react-hooks/exhaustive-deps

src/components/SettingsPanel.jsx
  Line 2:23:   'Moon' is defined but never used                     no-unused-vars
  Line 2:109:  'Bot' is defined but never used                      no-unused-vars
  Line 2:141:  'ExternalLink' is defined but never used             no-unused-vars
  Line 11:39:  'toggleDarkMode' is assigned a value but never used  no-unused-vars
  Line 19:9:   'syncStatus' is assigned a value but never used      no-unused-vars

src/components/modals/QAStatsModal.jsx
  Line 49:11:  The 'dailyStats' logical expression could make the dependencies of useMemo Hook (at line 74) change on every render. Move it inside the useMemo callback. Alternatively, wrap the initialization of 'dailyStats' in its own useMemo() Hook  react-hooks/exhaustive-deps

src/constants.js
  Line 7:94:  Duplicate key 'Zap'  no-dupe-keys

src/contexts/StudyContext.jsx
  Line 219:8:  React Hook useEffect has missing dependencies: 'progress.achievements', 'progress.lastStudyDate', 'progress.streak', and 'updateProgress'. Either include them or remove the dependency array  react-hooks/exhaustive-deps
  Line 232:9:  Duplicate key 'achievements'                                                                                                                                                                   no-dupe-keys

Search for the keywords to learn more about each warning.
To ignore, add // eslint-disable-next-line to the line before.

WARNING in [eslint]
src/components/DailyChallenge/index.jsx
  Line 2:86:  'Zap' is defined but never used  no-unused-vars

src/components/HandoutInline.jsx
  Line 2:29:  'Target' is defined but never used      no-unused-vars
  Line 2:91:  'HelpCircle' is defined but never used  no-unused-vars

src/components/QuizSection/index.jsx
  Line 3:129:  'ImageIcon' is defined but never used                                                                           no-unused-vars
  Line 252:9:  Duplicate key 'hintsUsed'                                                                                       no-dupe-keys
  Line 253:9:  Duplicate key 'difficulty'                                                                                      no-dupe-keys
  Line 295:6:  React Hook useCallback has a missing dependency: 'durations'. Either include it or remove the dependency array  react-hooks/exhaustive-deps

src/components/SettingsPanel.jsx
  Line 2:23:   'Moon' is defined but never used                     no-unused-vars
  Line 2:109:  'Bot' is defined but never used                      no-unused-vars
  Line 2:141:  'ExternalLink' is defined but never used             no-unused-vars
  Line 11:39:  'toggleDarkMode' is assigned a value but never used  no-unused-vars
  Line 19:9:   'syncStatus' is assigned a value but never used      no-unused-vars

src/components/modals/QAStatsModal.jsx
  Line 49:11:  The 'dailyStats' logical expression could make the dependencies of useMemo Hook (at line 74) change on every render. Move it inside the useMemo callback. Alternatively, wrap the initialization of 'dailyStats' in its own useMemo() Hook  react-hooks/exhaustive-deps

src/constants.js
  Line 7:94:  Duplicate key 'Zap'  no-dupe-keys

src/contexts/StudyContext.jsx
  Line 219:8:  React Hook useEffect has missing dependencies: 'progress.achievements', 'progress.lastStudyDate', 'progress.streak', and 'updateProgress'. Either include them or remove the dependency array  react-hooks/exhaustive-deps
  Line 232:9:  Duplicate key 'achievements'                                                                                                                                                                   no-dupe-keys

webpack compiled with 1 warning
Compiling...
Compiled with warnings.

[eslint]
src/components/HandoutInline.jsx
  Line 2:29:  'Target' is defined but never used      no-unused-vars
  Line 2:91:  'HelpCircle' is defined but never used  no-unused-vars

src/components/QuizSection/index.jsx
  Line 3:129:  'ImageIcon' is defined but never used                                                                           no-unused-vars
  Line 252:9:  Duplicate key 'hintsUsed'                                                                                       no-dupe-keys
  Line 253:9:  Duplicate key 'difficulty'                                                                                      no-dupe-keys
  Line 295:6:  React Hook useCallback has a missing dependency: 'durations'. Either include it or remove the dependency array  react-hooks/exhaustive-deps

src/components/SettingsPanel.jsx
  Line 2:23:   'Moon' is defined but never used                     no-unused-vars
  Line 2:109:  'Bot' is defined but never used                      no-unused-vars
  Line 2:141:  'ExternalLink' is defined but never used             no-unused-vars
  Line 11:39:  'toggleDarkMode' is assigned a value but never used  no-unused-vars
  Line 19:9:   'syncStatus' is assigned a value but never used      no-unused-vars

src/components/modals/QAStatsModal.jsx
  Line 49:11:  The 'dailyStats' logical expression could make the dependencies of useMemo Hook (at line 74) change on every render. Move it inside the useMemo callback. Alternatively, wrap the initialization of 'dailyStats' in its own useMemo() Hook  react-hooks/exhaustive-deps

src/constants.js
  Line 7:94:  Duplicate key 'Zap'  no-dupe-keys

src/contexts/StudyContext.jsx
  Line 219:8:  React Hook useEffect has missing dependencies: 'progress.achievements', 'progress.lastStudyDate', 'progress.streak', and 'updateProgress'. Either include them or remove the dependency array  react-hooks/exhaustive-deps
  Line 232:9:  Duplicate key 'achievements'                                                                                                                                                                   no-dupe-keys

Search for the keywords to learn more about each warning.
To ignore, add // eslint-disable-next-line to the line before.

WARNING in [eslint]
src/components/HandoutInline.jsx
  Line 2:29:  'Target' is defined but never used      no-unused-vars
  Line 2:91:  'HelpCircle' is defined but never used  no-unused-vars

src/components/QuizSection/index.jsx
  Line 3:129:  'ImageIcon' is defined but never used                                                                           no-unused-vars
  Line 252:9:  Duplicate key 'hintsUsed'                                                                                       no-dupe-keys
  Line 253:9:  Duplicate key 'difficulty'                                                                                      no-dupe-keys
  Line 295:6:  React Hook useCallback has a missing dependency: 'durations'. Either include it or remove the dependency array  react-hooks/exhaustive-deps

src/components/SettingsPanel.jsx
  Line 2:23:   'Moon' is defined but never used                     no-unused-vars
  Line 2:109:  'Bot' is defined but never used                      no-unused-vars
  Line 2:141:  'ExternalLink' is defined but never used             no-unused-vars
  Line 11:39:  'toggleDarkMode' is assigned a value but never used  no-unused-vars
  Line 19:9:   'syncStatus' is assigned a value but never used      no-unused-vars

src/components/modals/QAStatsModal.jsx
  Line 49:11:  The 'dailyStats' logical expression could make the dependencies of useMemo Hook (at line 74) change on every render. Move it inside the useMemo callback. Alternatively, wrap the initialization of 'dailyStats' in its own useMemo() Hook  react-hooks/exhaustive-deps

src/constants.js
  Line 7:94:  Duplicate key 'Zap'  no-dupe-keys

src/contexts/StudyContext.jsx
  Line 219:8:  React Hook useEffect has missing dependencies: 'progress.achievements', 'progress.lastStudyDate', 'progress.streak', and 'updateProgress'. Either include them or remove the dependency array  react-hooks/exhaustive-deps
  Line 232:9:  Duplicate key 'achievements'                                                                                                                                                                   no-dupe-keys

webpack compiled with 1 warning
Compiling...
Compiled with warnings.

[eslint]
src/components/QuizSection/index.jsx
  Line 3:129:  'ImageIcon' is defined but never used                                                                           no-unused-vars
  Line 252:9:  Duplicate key 'hintsUsed'                                                                                       no-dupe-keys
  Line 253:9:  Duplicate key 'difficulty'                                                                                      no-dupe-keys
  Line 295:6:  React Hook useCallback has a missing dependency: 'durations'. Either include it or remove the dependency array  react-hooks/exhaustive-deps

src/components/SettingsPanel.jsx
  Line 2:23:   'Moon' is defined but never used                     no-unused-vars
  Line 2:109:  'Bot' is defined but never used                      no-unused-vars
  Line 2:141:  'ExternalLink' is defined but never used             no-unused-vars
  Line 11:39:  'toggleDarkMode' is assigned a value but never used  no-unused-vars
  Line 19:9:   'syncStatus' is assigned a value but never used      no-unused-vars

src/components/modals/QAStatsModal.jsx
  Line 49:11:  The 'dailyStats' logical expression could make the dependencies of useMemo Hook (at line 74) change on every render. Move it inside the useMemo callback. Alternatively, wrap the initialization of 'dailyStats' in its own useMemo() Hook  react-hooks/exhaustive-deps

src/constants.js
  Line 7:94:  Duplicate key 'Zap'  no-dupe-keys

src/contexts/StudyContext.jsx
  Line 219:8:  React Hook useEffect has missing dependencies: 'progress.achievements', 'progress.lastStudyDate', 'progress.streak', and 'updateProgress'. Either include them or remove the dependency array  react-hooks/exhaustive-deps
  Line 232:9:  Duplicate key 'achievements'                                                                                                                                                                   no-dupe-keys

Search for the keywords to learn more about each warning.
To ignore, add // eslint-disable-next-line to the line before.

WARNING in [eslint]
src/components/QuizSection/index.jsx
  Line 3:129:  'ImageIcon' is defined but never used                                                                           no-unused-vars
  Line 252:9:  Duplicate key 'hintsUsed'                                                                                       no-dupe-keys
  Line 253:9:  Duplicate key 'difficulty'                                                                                      no-dupe-keys
  Line 295:6:  React Hook useCallback has a missing dependency: 'durations'. Either include it or remove the dependency array  react-hooks/exhaustive-deps

src/components/SettingsPanel.jsx
  Line 2:23:   'Moon' is defined but never used                     no-unused-vars
  Line 2:109:  'Bot' is defined but never used                      no-unused-vars
  Line 2:141:  'ExternalLink' is defined but never used             no-unused-vars
  Line 11:39:  'toggleDarkMode' is assigned a value but never used  no-unused-vars
  Line 19:9:   'syncStatus' is assigned a value but never used      no-unused-vars

src/components/modals/QAStatsModal.jsx
  Line 49:11:  The 'dailyStats' logical expression could make the dependencies of useMemo Hook (at line 74) change on every render. Move it inside the useMemo callback. Alternatively, wrap the initialization of 'dailyStats' in its own useMemo() Hook  react-hooks/exhaustive-deps

src/constants.js
  Line 7:94:  Duplicate key 'Zap'  no-dupe-keys

src/contexts/StudyContext.jsx
  Line 219:8:  React Hook useEffect has missing dependencies: 'progress.achievements', 'progress.lastStudyDate', 'progress.streak', and 'updateProgress'. Either include them or remove the dependency array  react-hooks/exhaustive-deps
  Line 232:9:  Duplicate key 'achievements'                                                                                                                                                                   no-dupe-keys

webpack compiled with 1 warning
Compiling...
Compiled with warnings.

[eslint]
src/components/SettingsPanel.jsx
  Line 2:23:   'Moon' is defined but never used                     no-unused-vars
  Line 2:109:  'Bot' is defined but never used                      no-unused-vars
  Line 2:141:  'ExternalLink' is defined but never used             no-unused-vars
  Line 11:39:  'toggleDarkMode' is assigned a value but never used  no-unused-vars
  Line 19:9:   'syncStatus' is assigned a value but never used      no-unused-vars

src/components/modals/QAStatsModal.jsx
  Line 49:11:  The 'dailyStats' logical expression could make the dependencies of useMemo Hook (at line 74) change on every render. Move it inside the useMemo callback. Alternatively, wrap the initialization of 'dailyStats' in its own useMemo() Hook  react-hooks/exhaustive-deps

src/constants.js
  Line 7:94:  Duplicate key 'Zap'  no-dupe-keys

src/contexts/StudyContext.jsx
  Line 219:8:  React Hook useEffect has missing dependencies: 'progress.achievements', 'progress.lastStudyDate', 'progress.streak', and 'updateProgress'. Either include them or remove the dependency array  react-hooks/exhaustive-deps
  Line 232:9:  Duplicate key 'achievements'                                                                                                                                                                   no-dupe-keys

Search for the keywords to learn more about each warning.
To ignore, add // eslint-disable-next-line to the line before.

WARNING in [eslint]
src/components/SettingsPanel.jsx
  Line 2:23:   'Moon' is defined but never used                     no-unused-vars
  Line 2:109:  'Bot' is defined but never used                      no-unused-vars
  Line 2:141:  'ExternalLink' is defined but never used             no-unused-vars
  Line 11:39:  'toggleDarkMode' is assigned a value but never used  no-unused-vars
  Line 19:9:   'syncStatus' is assigned a value but never used      no-unused-vars

src/components/modals/QAStatsModal.jsx
  Line 49:11:  The 'dailyStats' logical expression could make the dependencies of useMemo Hook (at line 74) change on every render. Move it inside the useMemo callback. Alternatively, wrap the initialization of 'dailyStats' in its own useMemo() Hook  react-hooks/exhaustive-deps

src/constants.js
  Line 7:94:  Duplicate key 'Zap'  no-dupe-keys

src/contexts/StudyContext.jsx
  Line 219:8:  React Hook useEffect has missing dependencies: 'progress.achievements', 'progress.lastStudyDate', 'progress.streak', and 'updateProgress'. Either include them or remove the dependency array  react-hooks/exhaustive-deps
  Line 232:9:  Duplicate key 'achievements'                                                                                                                                                                   no-dupe-keys

webpack compiled with 1 warning
Compiling...
Compiled with warnings.

[eslint]
src/components/modals/QAStatsModal.jsx
  Line 49:11:  The 'dailyStats' logical expression could make the dependencies of useMemo Hook (at line 74) change on every render. Move it inside the useMemo callback. Alternatively, wrap the initialization of 'dailyStats' in its own useMemo() Hook  react-hooks/exhaustive-deps

src/constants.js
  Line 7:94:  Duplicate key 'Zap'  no-dupe-keys

src/contexts/StudyContext.jsx
  Line 219:8:  React Hook useEffect has missing dependencies: 'progress.achievements', 'progress.lastStudyDate', 'progress.streak', and 'updateProgress'. Either include them or remove the dependency array  react-hooks/exhaustive-deps
  Line 232:9:  Duplicate key 'achievements'                                                                                                                                                                   no-dupe-keys

Search for the keywords to learn more about each warning.
To ignore, add // eslint-disable-next-line to the line before.

WARNING in [eslint]
src/components/modals/QAStatsModal.jsx
  Line 49:11:  The 'dailyStats' logical expression could make the dependencies of useMemo Hook (at line 74) change on every render. Move it inside the useMemo callback. Alternatively, wrap the initialization of 'dailyStats' in its own useMemo() Hook  react-hooks/exhaustive-deps

src/constants.js
  Line 7:94:  Duplicate key 'Zap'  no-dupe-keys

src/contexts/StudyContext.jsx
  Line 219:8:  React Hook useEffect has missing dependencies: 'progress.achievements', 'progress.lastStudyDate', 'progress.streak', and 'updateProgress'. Either include them or remove the dependency array  react-hooks/exhaustive-deps
  Line 232:9:  Duplicate key 'achievements'                                                                                                                                                                   no-dupe-keys

webpack compiled with 1 warning
Compiling...
Compiled with warnings.

[eslint]
src/components/modals/QAStatsModal.jsx
  Line 49:11:  The 'dailyStats' logical expression could make the dependencies of useMemo Hook (at line 74) change on every render. Move it inside the useMemo callback. Alternatively, wrap the initialization of 'dailyStats' in its own useMemo() Hook  react-hooks/exhaustive-deps

src/contexts/StudyContext.jsx
  Line 219:8:  React Hook useEffect has missing dependencies: 'progress.achievements', 'progress.lastStudyDate', 'progress.streak', and 'updateProgress'. Either include them or remove the dependency array  react-hooks/exhaustive-deps
  Line 232:9:  Duplicate key 'achievements'                                                                                                                                                                   no-dupe-keys

Search for the keywords to learn more about each warning.
To ignore, add // eslint-disable-next-line to the line before.

WARNING in [eslint]
src/components/modals/QAStatsModal.jsx
  Line 49:11:  The 'dailyStats' logical expression could make the dependencies of useMemo Hook (at line 74) change on every render. Move it inside the useMemo callback. Alternatively, wrap the initialization of 'dailyStats' in its own useMemo() Hook  react-hooks/exhaustive-deps

src/contexts/StudyContext.jsx
  Line 219:8:  React Hook useEffect has missing dependencies: 'progress.achievements', 'progress.lastStudyDate', 'progress.streak', and 'updateProgress'. Either include them or remove the dependency array  react-hooks/exhaustive-deps
  Line 232:9:  Duplicate key 'achievements'                                                                                                                                                                   no-dupe-keys

webpack compiled with 1 warning
Compiling...
Compiled with warnings.

[eslint]
src/components/modals/QAStatsModal.jsx
  Line 49:11:  The 'dailyStats' logical expression could make the dependencies of useMemo Hook (at line 74) change on every render. Move it inside the useMemo callback. Alternatively, wrap the initialization of 'dailyStats' in its own useMemo() Hook  react-hooks/exhaustive-deps

Search for the keywords to learn more about each warning.
To ignore, add // eslint-disable-next-line to the line before.

WARNING in [eslint]
src/components/modals/QAStatsModal.jsx
  Line 49:11:  The 'dailyStats' logical expression could make the dependencies of useMemo Hook (at line 74) change on every render. Move it inside the useMemo callback. Alternatively, wrap the initialization of 'dailyStats' in its own useMemo() Hook  react-hooks/exhaustive-deps

webpack compiled with 1 warning
Compiling...
Compiled successfully!
webpack compiled successfully
